<?xml version="1.0" encoding="UTF-8"?>
<!-- Generated by org.testng.reporters.JUnitXMLReporter -->
<testsuite ignored="0" hostname="192.168.50.99" failures="1" tests="6" name="Surefire test" time="31.486" errors="0" timestamp="2026-05-22T17:40:49 SGT">
  <testcase classname="SnehaBabaAutomation.Tests.submitOrderTest" name="submitOrder" time="2.822"/>
  <testcase classname="SnehaBabaAutomation.Tests.submitOrderTest" name="submitOrder" time="2.742"/>
  <testcase classname="SnehaBabaAutomation.Tests.submitOrderTest" name="orderHistoryTest" time="0.725"/>
  <testcase classname="SnehaBabaAutomation.Tests.errorValidationsTest" name="LoginPageErrorValidation" time="0.411">
    <skipped/>
  </testcase> <!-- LoginPageErrorValidation -->
  <testcase classname="SnehaBabaAutomation.Tests.errorValidationsTest" name="LoginPageErrorValidation" time="0.344">
    <failure type="junit.framework.ComparisonFailure" message="expected:&amp;lt;......&amp;gt; but was:&amp;lt;...or...&amp;gt;">
      <![CDATA[junit.framework.ComparisonFailure: expected:<......> but was:<...or...>
at junit.framework.Assert.assertEquals(Assert.java:81)
at junit.framework.Assert.assertEquals(Assert.java:87)
at SnehaBabaAutomation.Tests.errorValidationsTest.LoginPageErrorValidation(errorValidationsTest.java:23)
at java.base/java.util.ArrayList.forEach(ArrayList.java:1604)
... Removed 30 stack frames]]>
    </failure>
  </testcase> <!-- LoginPageErrorValidation -->
  <testcase classname="SnehaBabaAutomation.Tests.errorValidationsTest" name="submitOrder" time="2.082"/>
</testsuite> <!-- Surefire test -->
