<?xml version="1.0" encoding="UTF-8"?>
<!-- Generated by org.testng.reporters.JUnitXMLReporter -->
<testsuite ignored="0" hostname="192.168.50.99" failures="1" tests="3" name="Error Validation Test" time="17.887" errors="0" timestamp="2026-05-22T16:59:16 SGT">
  <testcase classname="SnehaBabaAutomation.Tests.errorValidationsTest" name="LoginPageErrorValidation" time="0.323">
    <skipped/>
  </testcase> <!-- LoginPageErrorValidation -->
  <testcase classname="SnehaBabaAutomation.Tests.errorValidationsTest" name="LoginPageErrorValidation" time="0.317">
    <failure type="junit.framework.ComparisonFailure" message="expected:&amp;lt;......&amp;gt; but was:&amp;lt;...or...&amp;gt;">
      <![CDATA[junit.framework.ComparisonFailure: expected:<......> but was:<...or...>
at junit.framework.Assert.assertEquals(Assert.java:81)
at junit.framework.Assert.assertEquals(Assert.java:87)
at SnehaBabaAutomation.Tests.errorValidationsTest.LoginPageErrorValidation(errorValidationsTest.java:23)
at java.base/java.util.ArrayList.forEach(ArrayList.java:1604)
at java.base/java.util.concurrent.FutureTask.run(FutureTask.java:328)
at java.base/java.util.concurrent.ThreadPoolExecutor.runWorker(ThreadPoolExecutor.java:1090)
at java.base/java.util.concurrent.ThreadPoolExecutor$Worker.run(ThreadPoolExecutor.java:614)
at java.base/java.lang.Thread.run(Thread.java:1474)
... Removed 15 stack frames]]>
    </failure>
  </testcase> <!-- LoginPageErrorValidation -->
  <testcase classname="SnehaBabaAutomation.Tests.errorValidationsTest" name="submitOrder" time="3.485"/>
</testsuite> <!-- Error Validation Test -->
