<?xml version="1.0" encoding="UTF-8"?>
<!-- Generated by org.testng.reporters.JUnitXMLReporter -->
<testsuite ignored="0" hostname="192.168.50.99" failures="0" tests="3" name="Submit Order Test" time="19.699" errors="0" timestamp="2026-05-22T16:59:18 SGT">
  <testcase classname="SnehaBabaAutomation.Tests.submitOrderTest" name="submitOrder" time="2.708"/>
  <testcase classname="SnehaBabaAutomation.Tests.submitOrderTest" name="submitOrder" time="2.699"/>
  <testcase classname="SnehaBabaAutomation.Tests.submitOrderTest" name="orderHistoryTest" time="0.677"/>
</testsuite> <!-- Submit Order Test -->
