<?xml version="1.0" encoding="UTF-8"?>
<!-- Generated by org.testng.reporters.JUnitXMLReporter -->
<testsuite ignored="0" hostname="192.168.50.99" failures="0" tests="2" name="Error Validation Test" time="10.762" errors="0" timestamp="2026-05-22T18:03:56 SGT">
  <testcase classname="SnehaBabaAutomation.Tests.errorValidationsTest" name="LoginPageErrorValidation" time="0.385"/>
  <testcase classname="SnehaBabaAutomation.Tests.errorValidationsTest" name="submitOrder" time="2.029"/>
</testsuite> <!-- Error Validation Test -->
