<?xml version="1.0" encoding="UTF-8"?>
<!-- Generated by org.testng.reporters.JUnitXMLReporter -->
<testsuite ignored="0" hostname="192.168.50.99" failures="0" tests="3" name="Submit Order Test" time="18.744" errors="0" timestamp="2026-05-22T18:04:04 SGT">
  <testcase classname="SnehaBabaAutomation.Tests.submitOrderTest" name="submitOrder" time="2.921"/>
  <testcase classname="SnehaBabaAutomation.Tests.submitOrderTest" name="submitOrder" time="2.785"/>
  <testcase classname="SnehaBabaAutomation.Tests.submitOrderTest" name="orderHistoryTest" time="0.775"/>
</testsuite> <!-- Submit Order Test -->
