<?xml version="1.0" encoding="UTF-8"?>
<testng-results ignored="0" total="5" passed="5" failed="0" skipped="0">
  <reporter-output>
  </reporter-output>
  <suite started-at="2026-05-22T18:03:46 SGT" name="Suite" finished-at="2026-05-22T18:04:04 SGT" duration-ms="18744">
    <groups>
      <group name="purchase">
        <method signature="submitOrderTest.submitOrder(java.util.HashMap)[pri:0, instance:SnehaBabaAutomation.Tests.submitOrderTest@7d4f9aae]" name="submitOrder" class="SnehaBabaAutomation.Tests.submitOrderTest"/>
      </group> <!-- purchase -->
      <group name="errorHandling">
        <method signature="errorValidationsTest.LoginPageErrorValidation()[pri:0, instance:SnehaBabaAutomation.Tests.errorValidationsTest@53045c6c]" name="LoginPageErrorValidation" class="SnehaBabaAutomation.Tests.errorValidationsTest"/>
      </group> <!-- errorHandling -->
    </groups>
    <test started-at="2026-05-22T18:03:46 SGT" name="Error Validation Test" finished-at="2026-05-22T18:03:56 SGT" duration-ms="10762">
      <class name="SnehaBabaAutomation.Tests.errorValidationsTest">
        <test-method is-config="true" signature="launchApplicaion()[pri:0, instance:SnehaBabaAutomation.Tests.errorValidationsTest@53045c6c]" started-at="2026-05-22T18:03:46 SGT" name="launchApplicaion" finished-at="2026-05-22T18:03:51 SGT" duration-ms="4955" status="PASS">
          <reporter-output>
          </reporter-output>
        </test-method> <!-- launchApplicaion -->
        <test-method signature="LoginPageErrorValidation()[pri:0, instance:SnehaBabaAutomation.Tests.errorValidationsTest@53045c6c]" started-at="2026-05-22T18:03:51 SGT" name="LoginPageErrorValidation" finished-at="2026-05-22T18:03:51 SGT" duration-ms="385" status="PASS">
          <reporter-output>
          </reporter-output>
        </test-method> <!-- LoginPageErrorValidation -->
        <test-method is-config="true" signature="tearDown()[pri:0, instance:SnehaBabaAutomation.Tests.errorValidationsTest@53045c6c]" started-at="2026-05-22T18:03:51 SGT" name="tearDown" finished-at="2026-05-22T18:03:51 SGT" duration-ms="142" status="PASS">
          <reporter-output>
          </reporter-output>
        </test-method> <!-- tearDown -->
        <test-method is-config="true" signature="launchApplicaion()[pri:0, instance:SnehaBabaAutomation.Tests.errorValidationsTest@53045c6c]" started-at="2026-05-22T18:03:51 SGT" name="launchApplicaion" finished-at="2026-05-22T18:03:54 SGT" duration-ms="3088" status="PASS">
          <reporter-output>
          </reporter-output>
        </test-method> <!-- launchApplicaion -->
        <test-method signature="submitOrder()[pri:0, instance:SnehaBabaAutomation.Tests.errorValidationsTest@53045c6c]" started-at="2026-05-22T18:03:54 SGT" name="submitOrder" finished-at="2026-05-22T18:03:56 SGT" duration-ms="2029" status="PASS">
          <reporter-output>
          </reporter-output>
        </test-method> <!-- submitOrder -->
        <test-method is-config="true" signature="tearDown()[pri:0, instance:SnehaBabaAutomation.Tests.errorValidationsTest@53045c6c]" started-at="2026-05-22T18:03:56 SGT" name="tearDown" finished-at="2026-05-22T18:03:56 SGT" duration-ms="144" status="PASS">
          <reporter-output>
          </reporter-output>
        </test-method> <!-- tearDown -->
      </class> <!-- SnehaBabaAutomation.Tests.errorValidationsTest -->
    </test> <!-- Error Validation Test -->
    <test started-at="2026-05-22T18:03:46 SGT" name="Submit Order Test" finished-at="2026-05-22T18:04:04 SGT" duration-ms="18744">
      <class name="SnehaBabaAutomation.Tests.submitOrderTest">
        <test-method is-config="true" signature="launchApplicaion()[pri:0, instance:SnehaBabaAutomation.Tests.submitOrderTest@7d4f9aae]" started-at="2026-05-22T18:03:46 SGT" name="launchApplicaion" finished-at="2026-05-22T18:03:52 SGT" duration-ms="6003" status="PASS">
          <reporter-output>
          </reporter-output>
        </test-method> <!-- launchApplicaion -->
        <test-method signature="submitOrder(java.util.HashMap)[pri:0, instance:SnehaBabaAutomation.Tests.submitOrderTest@7d4f9aae]" started-at="2026-05-22T18:03:52 SGT" name="submitOrder" data-provider="getData" finished-at="2026-05-22T18:03:55 SGT" duration-ms="2921" status="PASS">
          <params>
            <param index="0">
              <value>
                <![CDATA[{pwd=Chetna@123, productname=ADIDAS ORIGINAL, email=chetnasharma@gmail.com}]]>
              </value>
            </param>
          </params>
          <reporter-output>
          </reporter-output>
        </test-method> <!-- submitOrder -->
        <test-method is-config="true" signature="tearDown()[pri:0, instance:SnehaBabaAutomation.Tests.submitOrderTest@7d4f9aae]" started-at="2026-05-22T18:03:55 SGT" name="tearDown" finished-at="2026-05-22T18:03:55 SGT" duration-ms="85" status="PASS">
          <reporter-output>
          </reporter-output>
        </test-method> <!-- tearDown -->
        <test-method is-config="true" signature="launchApplicaion()[pri:0, instance:SnehaBabaAutomation.Tests.submitOrderTest@7d4f9aae]" started-at="2026-05-22T18:03:55 SGT" name="launchApplicaion" finished-at="2026-05-22T18:03:58 SGT" duration-ms="2864" status="PASS">
          <reporter-output>
          </reporter-output>
        </test-method> <!-- launchApplicaion -->
        <test-method signature="submitOrder(java.util.HashMap)[pri:0, instance:SnehaBabaAutomation.Tests.submitOrderTest@7d4f9aae]" started-at="2026-05-22T18:03:58 SGT" name="submitOrder" data-provider="getData" finished-at="2026-05-22T18:04:00 SGT" duration-ms="2785" status="PASS">
          <params>
            <param index="0">
              <value>
                <![CDATA[{pwd=Gunja@123, productname=ZARA COAT 3, email=gunjasharma@gmail.com}]]>
              </value>
            </param>
          </params>
          <reporter-output>
          </reporter-output>
        </test-method> <!-- submitOrder -->
        <test-method is-config="true" signature="tearDown()[pri:0, instance:SnehaBabaAutomation.Tests.submitOrderTest@7d4f9aae]" started-at="2026-05-22T18:04:00 SGT" name="tearDown" finished-at="2026-05-22T18:04:01 SGT" duration-ms="118" status="PASS">
          <reporter-output>
          </reporter-output>
        </test-method> <!-- tearDown -->
        <test-method is-config="true" signature="launchApplicaion()[pri:0, instance:SnehaBabaAutomation.Tests.submitOrderTest@7d4f9aae]" started-at="2026-05-22T18:04:01 SGT" name="launchApplicaion" finished-at="2026-05-22T18:04:03 SGT" duration-ms="2918" status="PASS">
          <reporter-output>
          </reporter-output>
        </test-method> <!-- launchApplicaion -->
        <test-method signature="orderHistoryTest()[pri:0, instance:SnehaBabaAutomation.Tests.submitOrderTest@7d4f9aae]" started-at="2026-05-22T18:04:03 SGT" name="orderHistoryTest" finished-at="2026-05-22T18:04:04 SGT" depends-on-methods="SnehaBabaAutomation.Tests.submitOrderTest.submitOrder" duration-ms="775" status="PASS">
          <reporter-output>
          </reporter-output>
        </test-method> <!-- orderHistoryTest -->
        <test-method is-config="true" signature="tearDown()[pri:0, instance:SnehaBabaAutomation.Tests.submitOrderTest@7d4f9aae]" started-at="2026-05-22T18:04:04 SGT" name="tearDown" finished-at="2026-05-22T18:04:04 SGT" duration-ms="105" status="PASS">
          <reporter-output>
          </reporter-output>
        </test-method> <!-- tearDown -->
      </class> <!-- SnehaBabaAutomation.Tests.submitOrderTest -->
    </test> <!-- Submit Order Test -->
  </suite> <!-- Suite -->
</testng-results>
