<?xml version="1.0" encoding="UTF-8"?>
<testsuite xmlns:xsi="http://www.w3.org/2001/XMLSchema-instance" xsi:noNamespaceSchemaLocation="https://maven.apache.org/surefire/maven-surefire-plugin/xsd/surefire-test-report.xsd" version="3.0.2" name="TestSuite" time="19.006" tests="5" errors="0" skipped="0" failures="0" flakes="0">
  <properties>
[...]
</properties>
  <testcase name="LoginPageErrorValidation" classname="SnehaBabaAutomation.Tests.errorValidationsTest" time="0.387">
    <system-err><![CDATA[SLF4J(W): No SLF4J providers were found.
SLF4J(W): Defaulting to no-operation (NOP) logger implementation
SLF4J(W): See https://www.slf4j.org/codes.html#noProviders for further details.
May 22, 2026 6:03:47 PM org.openqa.selenium.devtools.CdpVersionFinder findNearestMatch
WARNING: Unable to find an exact match for CDP version 148, returning the closest version; found: 147; Please update to a Selenium version that supports CDP version 148
May 22, 2026 6:03:47 PM org.openqa.selenium.devtools.CdpVersionFinder findNearestMatch
WARNING: Unable to find an exact match for CDP version 148, returning the closest version; found: 147; Please update to a Selenium version that supports CDP version 148
]]></system-err>
  </testcase>
  <testcase name="submitOrder" classname="SnehaBabaAutomation.Tests.errorValidationsTest" time="2.029">
    <system-err><![CDATA[May 22, 2026 6:03:56 PM org.openqa.selenium.devtools.CdpVersionFinder findNearestMatch
WARNING: Unable to find an exact match for CDP version 148, returning the closest version; found: 147; Please update to a Selenium version that supports CDP version 148
]]></system-err>
  </testcase>
  <testcase name="submitOrder[{pwd=Chetna@123, productname=ADIDAS ORIGINAL, email=chetnasharma@gmail.com}](1)" classname="SnehaBabaAutomation.Tests.submitOrderTest" time="0.501">
    <system-err><![CDATA[May 22, 2026 6:03:52 PM org.openqa.selenium.devtools.CdpVersionFinder findNearestMatch
WARNING: Unable to find an exact match for CDP version 148, returning the closest version; found: 147; Please update to a Selenium version that supports CDP version 148
]]></system-err>
  </testcase>
  <testcase name="submitOrder[{pwd=Gunja@123, productname=ZARA COAT 3, email=gunjasharma@gmail.com}](2)" classname="SnehaBabaAutomation.Tests.submitOrderTest" time="2.785"/>
  <testcase name="orderHistoryTest" classname="SnehaBabaAutomation.Tests.submitOrderTest" time="0.775">
    <system-err><![CDATA[May 22, 2026 6:04:01 PM org.openqa.selenium.devtools.CdpVersionFinder findNearestMatch
WARNING: Unable to find an exact match for CDP version 148, returning the closest version; found: 147; Please update to a Selenium version that supports CDP version 148
]]></system-err>
  </testcase>
</testsuite>