<?xml version="1.0" encoding="UTF-8"?>
<testng-results ignored="0" total="1" passed="1" failed="0" skipped="0">
  <reporter-output>
  </reporter-output>
  <suite started-at="2026-05-26T12:38:59 SGT" name="Default suite" finished-at="2026-05-26T12:39:05 SGT" duration-ms="6378">
    <groups>
      <group name="cucumber">
        <method signature="AbstractTestNGCucumberTests.runScenario(io.cucumber.testng.PickleWrapper,io.cucumber.testng.FeatureWrapper)[pri:0, instance:Cucumber.TestNGTestRunner@223191a6]" name="runScenario" class="io.cucumber.testng.AbstractTestNGCucumberTests"/>
      </group> <!-- cucumber -->
    </groups>
    <test started-at="2026-05-26T12:38:59 SGT" name="Default test" finished-at="2026-05-26T12:39:05 SGT" duration-ms="6378">
      <class name="Cucumber.TestNGTestRunner">
        <test-method is-config="true" signature="setUpClass(org.testng.ITestContext)[pri:0, instance:Cucumber.TestNGTestRunner@223191a6]" started-at="2026-05-26T12:38:59 SGT" name="setUpClass" finished-at="2026-05-26T12:38:59 SGT" duration-ms="196" status="PASS">
          <params>
            <param index="0">
              <value>
                <![CDATA[org.testng.TestRunner@41bf79da]]>
              </value>
            </param>
          </params>
          <reporter-output>
          </reporter-output>
        </test-method> <!-- setUpClass -->
        <test-method signature="runScenario(io.cucumber.testng.PickleWrapper,io.cucumber.testng.FeatureWrapper)[pri:0, instance:Cucumber.TestNGTestRunner@223191a6]" started-at="2026-05-26T12:38:59 SGT" name="runScenario" description="Runs Cucumber Scenarios" data-provider="scenarios" finished-at="2026-05-26T12:39:05 SGT" duration-ms="6157" status="PASS">
          <params>
            <param index="0">
              <value>
                <![CDATA["Positive Test of Submitting the order"]]>
              </value>
            </param>
            <param index="1">
              <value>
                <![CDATA["Purchase the order from Ecommerce Website"]]>
              </value>
            </param>
          </params>
          <reporter-output>
          </reporter-output>
        </test-method> <!-- runScenario -->
        <test-method is-config="true" signature="tearDownClass()[pri:0, instance:Cucumber.TestNGTestRunner@223191a6]" started-at="2026-05-26T12:39:05 SGT" name="tearDownClass" finished-at="2026-05-26T12:39:05 SGT" duration-ms="11" status="PASS">
          <reporter-output>
          </reporter-output>
        </test-method> <!-- tearDownClass -->
      </class> <!-- Cucumber.TestNGTestRunner -->
    </test> <!-- Default test -->
  </suite> <!-- Default suite -->
</testng-results>
