<?xml version="1.0" encoding="UTF-8"?>
<!-- Generated by org.testng.reporters.JUnitReportReporter -->
<testsuite hostname="192.168.50.99" failures="0" tests="3" name="SnehaBabaAutomation.Tests.submitOrderTest" time="19.600" errors="0" timestamp="2026-05-22T16:59:18 SGT" skipped="0">
  <testcase classname="SnehaBabaAutomation.Tests.submitOrderTest" name="submitOrder" time="5.595"/>
  <testcase classname="SnehaBabaAutomation.Tests.submitOrderTest" name="orderHistoryTest" time="8.421"/>
  <testcase classname="SnehaBabaAutomation.Tests.submitOrderTest" name="submitOrder" time="5.584"/>
</testsuite> <!-- SnehaBabaAutomation.Tests.submitOrderTest -->
