<?xml version="1.0" encoding="UTF-8"?>
<!-- Generated by org.testng.reporters.JUnitReportReporter -->
<testsuite hostname="192.168.50.99" failures="0" tests="2" name="SnehaBabaAutomation.Tests.errorValidations" time="8.044" errors="0" timestamp="2026-05-15T13:56:24 SGT" skipped="0">
  <testcase classname="SnehaBabaAutomation.Tests.errorValidations" name="LoginPageErrorValidation" time="3.251"/>
  <testcase classname="SnehaBabaAutomation.Tests.errorValidations" name="submitOrder" time="4.793"/>
</testsuite> <!-- SnehaBabaAutomation.Tests.errorValidations -->
