<?xml version="1.0" encoding="UTF-8"?>
<!-- Generated by org.testng.reporters.JUnitReportReporter -->
<testsuite hostname="192.168.50.99" failures="0" tests="3" name="SnehaBabaAutomation.Tests.submitOrderTest" time="18.574" errors="0" timestamp="2026-05-22T18:04:04 SGT" skipped="0">
  <testcase classname="SnehaBabaAutomation.Tests.submitOrderTest" name="orderHistoryTest" time="6.883"/>
  <testcase classname="SnehaBabaAutomation.Tests.submitOrderTest" name="submitOrder" time="5.903"/>
  <testcase classname="SnehaBabaAutomation.Tests.submitOrderTest" name="submitOrder" time="5.788"/>
</testsuite> <!-- SnehaBabaAutomation.Tests.submitOrderTest -->
