<?xml version="1.0" encoding="UTF-8"?>
<!-- Generated by org.testng.reporters.JUnitReportReporter -->
<testsuite hostname="192.168.50.99" failures="0" tests="2" name="SnehaBabaAutomation.Tests.errorValidationsTest" time="10.743" errors="0" timestamp="2026-05-22T18:04:04 SGT" skipped="0">
  <testcase classname="SnehaBabaAutomation.Tests.errorValidationsTest" name="LoginPageErrorValidation" time="5.482"/>
  <testcase classname="SnehaBabaAutomation.Tests.errorValidationsTest" name="submitOrder" time="5.261"/>
</testsuite> <!-- SnehaBabaAutomation.Tests.errorValidationsTest -->
